<?xml version="1.0" encoding="UTF-8"?>
<!-- Generated by org.testng.reporters.JUnitReportReporter -->
<testsuite hostname="LAPTOP-6BMK6KTM" failures="0" tests="6" name="api.test.DataDrivenTests" time="12.636" errors="0" timestamp="2024-05-27T14:26:51 IST" skipped="0">
  <testcase classname="api.test.DataDrivenTests" name="testPostUser" time="1.793"/>
  <system-out/>
  <testcase classname="api.test.DataDrivenTests" name="testPostUser" time="4.062"/>
  <system-out/>
  <testcase classname="api.test.DataDrivenTests" name="testPostUser" time="1.734"/>
  <system-out/>
  <testcase classname="api.test.DataDrivenTests" name="testDeleteUserByName" time="1.636"/>
  <system-out/>
  <testcase classname="api.test.DataDrivenTests" name="testDeleteUserByName" time="1.638"/>
  <system-out/>
  <testcase classname="api.test.DataDrivenTests" name="testDeleteUserByName" time="1.773"/>
  <system-out/>
</testsuite> <!-- api.test.DataDrivenTests -->
