<?xml version="1.0" encoding="UTF-8"?>
<!-- Generated by org.testng.reporters.JUnitReportReporter -->
<testsuite hostname="LAPTOP-6BMK6KTM" failures="0" tests="4" name="api.test.UserTest" time="10.883" errors="0" timestamp="2024-05-27T17:31:50 IST" skipped="0">
  <testcase classname="api.test.UserTest" name="testPostUser" time="3.623"/>
  <system-out/>
  <testcase classname="api.test.UserTest" name="testGetUserByName" time="1.743"/>
  <system-out/>
  <testcase classname="api.test.UserTest" name="testUpdateUserByName" time="3.678"/>
  <system-out/>
  <testcase classname="api.test.UserTest" name="deleteUserByName" time="1.839"/>
  <system-out/>
</testsuite> <!-- api.test.UserTest -->
