<?xml version="1.0" encoding="UTF-8"?>
<!-- Generated by org.testng.reporters.JUnitReportReporter -->
<testsuite hostname="LAPTOP-6BMK6KTM" failures="0" tests="4" name="api.test.UserTest2" time="11.223" errors="0" timestamp="2024-05-28T10:46:45 IST" skipped="0">
  <testcase classname="api.test.UserTest2" name="testPostUser" time="3.653"/>
  <system-out/>
  <testcase classname="api.test.UserTest2" name="testGetUserByName" time="1.640"/>
  <system-out/>
  <testcase classname="api.test.UserTest2" name="testUpdateUserByName" time="4.193"/>
  <system-out/>
  <testcase classname="api.test.UserTest2" name="deleteUserByName" time="1.737"/>
  <system-out/>
</testsuite> <!-- api.test.UserTest2 -->
