<?xml version="1.0" encoding="UTF-8"?>
<!-- Generated by org.testng.reporters.JUnitReportReporter -->
<testsuite hostname="LAPTOP-6BMK6KTM" failures="0" tests="4" name="api.test.UserTest2" time="9.764" errors="0" timestamp="2024-05-28T11:35:26 IST" skipped="0">
  <testcase classname="api.test.UserTest2" name="testPostUser" time="3.839"/>
  <system-out/>
  <testcase classname="api.test.UserTest2" name="testGetUserByName" time="1.683"/>
  <system-out/>
  <testcase classname="api.test.UserTest2" name="testUpdateUserByName" time="2.884"/>
  <system-out/>
  <testcase classname="api.test.UserTest2" name="deleteUserByName" time="1.358"/>
  <system-out/>
</testsuite> <!-- api.test.UserTest2 -->
